Flow report for top
Wed Oct 07 14:33:25 2020
Quartus Prime Version 19.1.0 Build 670 09/22/2019 SJ Lite Edition


---------------------
; Table of Contents ;
---------------------
  1. Legal Notice
  2. Flow Summary
  3. Flow Settings
  4. Flow Non-Default Global Settings
  5. Flow Elapsed Time
  6. Flow OS Summary
  7. Flow Log
  8. Flow Messages
  9. Flow Suppressed Messages



----------------
; Legal Notice ;
----------------
Copyright (C) 2019  Intel Corporation. All rights reserved.
Your use of Intel Corporation's design tools, logic functions 
and other software and tools, and any partner logic 
functions, and any output files from any of the foregoing 
(including device programming or simulation files), and any 
associated documentation or information are expressly subject 
to the terms and conditions of the Intel Program License 
Subscription Agreement, the Intel Quartus Prime License Agreement,
the Intel FPGA IP License Agreement, or other applicable license
agreement, including, without limitation, that your use is for
the sole purpose of programming logic devices manufactured by
Intel and sold by Intel or its authorized distributors.  Please
refer to the applicable agreement for further details, at
https://fpgasoftware.intel.com/eula.



+----------------------------------------------------------------------------------+
; Flow Summary                                                                     ;
+------------------------------------+---------------------------------------------+
; Flow Status                        ; Successful - Wed Oct 07 14:33:19 2020       ;
; Quartus Prime Version              ; 19.1.0 Build 670 09/22/2019 SJ Lite Edition ;
; Revision Name                      ; top                                         ;
; Top-level Entity Name              ; top                                         ;
; Family                             ; MAX 10                                      ;
; Device                             ; 10M50DAF484C7G                              ;
; Timing Models                      ; Final                                       ;
; Total logic elements               ; 350 / 49,760 ( < 1 % )                      ;
;     Total combinational functions  ; 344 / 49,760 ( < 1 % )                      ;
;     Dedicated logic registers      ; 168 / 49,760 ( < 1 % )                      ;
; Total registers                    ; 168                                         ;
; Total pins                         ; 61 / 360 ( 17 % )                           ;
; Total virtual pins                 ; 0                                           ;
; Total memory bits                  ; 0 / 1,677,312 ( 0 % )                       ;
; Embedded Multiplier 9-bit elements ; 0 / 288 ( 0 % )                             ;
; Total PLLs                         ; 1 / 4 ( 25 % )                              ;
; UFM blocks                         ; 0 / 1 ( 0 % )                               ;
; ADC blocks                         ; 0 / 2 ( 0 % )                               ;
+------------------------------------+---------------------------------------------+


+-----------------------------------------+
; Flow Settings                           ;
+-------------------+---------------------+
; Option            ; Setting             ;
+-------------------+---------------------+
; Start date & time ; 10/07/2020 14:32:47 ;
; Main task         ; Compilation         ;
; Revision Name     ; top                 ;
+-------------------+---------------------+


+-----------------------------------------------------------------------------------------------------------------------------+
; Flow Non-Default Global Settings                                                                                            ;
+-----------------------------------------+----------------------------------------+---------------+-------------+------------+
; Assignment Name                         ; Value                                  ; Default Value ; Entity Name ; Section Id ;
+-----------------------------------------+----------------------------------------+---------------+-------------+------------+
; ALM_REGISTER_PACKING_EFFORT             ; High                                   ; Medium        ; --          ; --         ;
; COMPILER_SIGNATURE_ID                   ; 10995770589190.160207396712592         ; --            ; --          ; --         ;
; CYCLONEII_OPTIMIZATION_TECHNIQUE        ; Area                                   ; Balanced      ; --          ; --         ;
; ENABLE_SIGNALTAP                        ; Off                                    ; --            ; --          ; --         ;
; MAX_CORE_JUNCTION_TEMP                  ; 85                                     ; --            ; --          ; --         ;
; MIN_CORE_JUNCTION_TEMP                  ; 0                                      ; --            ; --          ; --         ;
; NUM_PARALLEL_PROCESSORS                 ; 2                                      ; --            ; --          ; --         ;
; OPTIMIZATION_MODE                       ; Aggressive Area                        ; Balanced      ; --          ; --         ;
; OPTIMIZE_HOLD_TIMING                    ; IO Paths and Minimum TPD Paths         ; All Paths     ; --          ; --         ;
; OUTPUT_IO_TIMING_FAR_END_VMEAS          ; Half Signal Swing                      ; --            ; --          ; --         ;
; OUTPUT_IO_TIMING_FAR_END_VMEAS          ; Half Signal Swing                      ; --            ; --          ; --         ;
; OUTPUT_IO_TIMING_NEAR_END_VMEAS         ; Half Vccio                             ; --            ; --          ; --         ;
; OUTPUT_IO_TIMING_NEAR_END_VMEAS         ; Half Vccio                             ; --            ; --          ; --         ;
; PARTITION_COLOR                         ; -- (Not supported for targeted family) ; --            ; --          ; Top        ;
; PARTITION_FITTER_PRESERVATION_LEVEL     ; -- (Not supported for targeted family) ; --            ; --          ; Top        ;
; PARTITION_NETLIST_TYPE                  ; -- (Not supported for targeted family) ; --            ; --          ; Top        ;
; PHYSICAL_SYNTHESIS_COMBO_LOGIC_FOR_AREA ; On                                     ; Off           ; --          ; --         ;
; POWER_BOARD_THERMAL_MODEL               ; None (CONSERVATIVE)                    ; --            ; --          ; --         ;
; POWER_PRESET_COOLING_SOLUTION           ; 23 MM HEAT SINK WITH 200 LFPM AIRFLOW  ; --            ; --          ; --         ;
; PROJECT_OUTPUT_DIRECTORY                ; output_files                           ; --            ; --          ; --         ;
; SYNTH_TIMING_DRIVEN_SYNTHESIS           ; Off                                    ; On            ; --          ; --         ;
; USE_SIGNALTAP_FILE                      ; stp1.stp                               ; --            ; --          ; --         ;
; VHDL_INPUT_VERSION                      ; VHDL_2008                              ; VHDL_1993     ; --          ; --         ;
; VHDL_SHOW_LMF_MAPPING_MESSAGES          ; Off                                    ; --            ; --          ; --         ;
+-----------------------------------------+----------------------------------------+---------------+-------------+------------+


+--------------------------------------------------------------------------------------------------------------------------+
; Flow Elapsed Time                                                                                                        ;
+----------------------+--------------+-------------------------+---------------------+------------------------------------+
; Module Name          ; Elapsed Time ; Average Processors Used ; Peak Virtual Memory ; Total CPU Time (on all processors) ;
+----------------------+--------------+-------------------------+---------------------+------------------------------------+
; Analysis & Synthesis ; 00:00:13     ; 1.0                     ; 4807 MB             ; 00:00:31                           ;
; Fitter               ; 00:00:11     ; 1.0                     ; 5393 MB             ; 00:00:14                           ;
; Assembler            ; 00:00:04     ; 1.0                     ; 4698 MB             ; 00:00:04                           ;
; Timing Analyzer      ; 00:00:05     ; 1.1                     ; 4818 MB             ; 00:00:04                           ;
; Total                ; 00:00:33     ; --                      ; --                  ; 00:00:53                           ;
+----------------------+--------------+-------------------------+---------------------+------------------------------------+


+------------------------------------------------------------------------------------+
; Flow OS Summary                                                                    ;
+----------------------+------------------+------------+------------+----------------+
; Module Name          ; Machine Hostname ; OS Name    ; OS Version ; Processor type ;
+----------------------+------------------+------------+------------+----------------+
; Analysis & Synthesis ; DESKTOP-RIRBRF8  ; Windows 10 ; 10.0       ; x86_64         ;
; Fitter               ; DESKTOP-RIRBRF8  ; Windows 10 ; 10.0       ; x86_64         ;
; Assembler            ; DESKTOP-RIRBRF8  ; Windows 10 ; 10.0       ; x86_64         ;
; Timing Analyzer      ; DESKTOP-RIRBRF8  ; Windows 10 ; 10.0       ; x86_64         ;
+----------------------+------------------+------------+------------+----------------+


------------
; Flow Log ;
------------
quartus_map --read_settings_files=on --write_settings_files=off tp_vhdl -c top
quartus_fit --read_settings_files=off --write_settings_files=off tp_vhdl -c top
quartus_asm --read_settings_files=off --write_settings_files=off tp_vhdl -c top
quartus_sta tp_vhdl -c top



